<?xml version="1.0" encoding="UTF-8"?>
<testsuite xmlns:xsi="http://www.w3.org/2001/XMLSchema-instance" xsi:noNamespaceSchemaLocation="https://maven.apache.org/surefire/maven-surefire-plugin/xsd/surefire-test-report.xsd" name="com.bankapp.BankAcidTests" time="11.101" tests="5" errors="1" skipped="0" failures="0">
  <properties>
[...]
</properties>
  <testcase name="testComplexAcidScenario" classname="com.bankapp.BankAcidTests" time="0.033"/>
  <testcase name="testDurability" classname="com.bankapp.BankAcidTests" time="1.015"/>
  <testcase name="testAtomicity" classname="com.bankapp.BankAcidTests" time="0.011">
    <error message="Insufficient Funds" type="java.lang.IllegalArgumentException">java.lang.IllegalArgumentException: Insufficient Funds
	at com.bankapp.BankAcidTests.testAtomicity(BankAcidTests.java:30)
</error>
  </testcase>
  <testcase name="testConsistency" classname="com.bankapp.BankAcidTests" time="10.004"/>
  <testcase name="testIsolation" classname="com.bankapp.BankAcidTests" time="0.028"/>
</testsuite>